<?xml version="1.0" encoding="UTF-8"?>
<Site BuildName="(empty)"
	BuildStamp="20211118-1022-Experimental"
	Name="(empty)"
	Generator="ctest-3.20.0-rc2"
	CompilerName=""
	CompilerVersion=""
	OSName="Linux"
	Hostname="Ottolenghi"
	OSRelease="5.11.0-40-generic"
	OSVersion="#44~20.04.2-Ubuntu SMP Tue Oct 26 18:07:44 UTC 2021"
	OSPlatform="x86_64"
	Is64Bits="1"
	VendorString="GenuineIntel"
	VendorID="Intel Corporation"
	FamilyID="6"
	ModelID="158"
	ProcessorCacheSize="12288"
	NumberOfLogicalCPU="12"
	NumberOfPhysicalCPU="6"
	TotalVirtualMemory="2047"
	TotalPhysicalMemory="32060"
	LogicalProcessorsPerPhysical="2"
	ProcessorClockFrequency="4335"
	>
	<Testing>
		<StartDateTime>Nov 18 19:22 KST</StartDateTime>
		<StartTestTime>1637230969</StartTestTime>
		<TestList/>
		<EndDateTime>Nov 18 19:22 KST</EndDateTime>
		<EndTestTime>1637230969</EndTestTime>
		<ElapsedMinutes>0</ElapsedMinutes>
	</Testing>
</Site>
